Added Component: Designator=P2(CONN-TH_2P-P3.81_WJ15EDGRC-3.81-2P)
Add component (AddParameter): Name = "LatestRevisionNote"; Value = "Re-released for DXP Platform."; VariantName = "[No Variations]"
Added Component: Designator=P10(CONN-TH_2P-P3.81_WJ15EDGRC-3.81-2P)
Add component (AddParameter): Name = "LatestRevisionNote"; Value = "Re-released for DXP Platform."; VariantName = "[No Variations]"
Added Component: Designator=P15(CONN-TH_2P-P3.81_WJ15EDGRC-3.81-2P)
Add component (AddParameter): Name = "LatestRevisionNote"; Value = "Re-released for DXP Platform."; VariantName = "[No Variations]"
Added Component: Designator=P16(CONN-TH_2P-P3.81_WJ15EDGRC-3.81-2P)
Add component (AddParameter): Name = "LatestRevisionNote"; Value = "Re-released for DXP Platform."; VariantName = "[No Variations]"
Added Pin To Net: NetName=24V Pin=P2-1
Added Pin To Net: NetName=GND Pin=P2-2
Added Pin To Net: NetName=12V Pin=P10-1
Added Pin To Net: NetName=GND Pin=P10-2
Added Pin To Net: NetName=5V Pin=P15-1
Added Pin To Net: NetName=GND Pin=P15-2
Added Pin To Net: NetName=5V Pin=P16-1
Added Pin To Net: NetName=GND Pin=P16-2
Added Member To Class: ClassName=TopView Member=Component P2 WJ15EDGRC-3.81-2P
Added Member To Class: ClassName=TopView Member=Component P10 WJ15EDGRC-3.81-2P
Added Member To Class: ClassName=TopView Member=Component P15 WJ15EDGRC-3.81-2P
Added Member To Class: ClassName=TopView Member=Component P16 WJ15EDGRC-3.81-2P
