Removed Pin From Net: NetName=LTE_LINKA_MCU Pin=LED1-1
Removed Pin From Net: NetName=LTE_NET_MCU Pin=LED2-1
Removed Pin From Net: NetName=LTE_WORK_MCU Pin=LED3-1
Removed Pin From Net: NetName=LTE_LINKB_MCU Pin=LED4-1
Removed Pin From Net: NetName=USART1_RX Pin=P14-1
Removed Pin From Net: NetName=USART1_TX Pin=P14-2
Removed Pin From Net: NetName=UART5_RX Pin=P17-1
Removed Pin From Net: NetName=UART5_TX Pin=P17-2
Removed Pin From Net: NetName=LTE_LINKA_MCU Pin=Q1-C
Removed Pin From Net: NetName=GND Pin=Q1-E
Removed Pin From Net: NetName=LTE_NET_MCU Pin=Q2-C
Removed Pin From Net: NetName=GND Pin=Q2-E
Removed Pin From Net: NetName=LTE_WORK_MCU Pin=Q3-C
Removed Pin From Net: NetName=GND Pin=Q3-E
Removed Pin From Net: NetName=LTE_LINKB_MCU Pin=Q4-C
Removed Pin From Net: NetName=GND Pin=Q4-E
Removed Pin From Net: NetName=3V3 Pin=R1-2
Removed Pin From Net: NetName=LTE_RELOAD Pin=R2-1
Removed Pin From Net: NetName=3V3 Pin=R2-2
Removed Pin From Net: NetName=LTE_RST Pin=R4-1
Removed Pin From Net: NetName=3V3 Pin=R4-2
Removed Pin From Net: NetName=3V3 Pin=R6-2
Removed Pin From Net: NetName=3V3 Pin=R7-2
Removed Pin From Net: NetName=3V3 Pin=R8-2
Removed Pin From Net: NetName=LTE_TX Pin=U1-6
Removed Pin From Net: NetName=LTE_RX Pin=U1-7
Removed Pin From Net: NetName=LTE_PWR_KEY Pin=U1-10
Removed Pin From Net: NetName=GND Pin=U1-11
Removed Pin From Net: NetName=GND Pin=U1-12
Removed Pin From Net: NetName=12V Pin=U1-13
Removed Pin From Net: NetName=12V Pin=U1-14
Removed Pin From Net: NetName=LTE_RELOAD Pin=U1-18
Removed Pin From Net: NetName=LTE_RST Pin=U1-19
Removed Member From Class: ClassName=U_mcu Member=LED1
Removed Member From Class: ClassName=U_mcu Member=LED2
Removed Member From Class: ClassName=U_mcu Member=LED3
Removed Member From Class: ClassName=U_mcu Member=LED4
Removed Member From Class: ClassName=U_mcu Member=Q1
Removed Member From Class: ClassName=U_mcu Member=Q2
Removed Member From Class: ClassName=U_mcu Member=Q3
Removed Member From Class: ClassName=U_mcu Member=Q4
Removed Member From Class: ClassName=U_mcu Member=R1
Removed Member From Class: ClassName=U_mcu Member=R2
Removed Member From Class: ClassName=U_mcu Member=R3
Removed Member From Class: ClassName=U_mcu Member=R4
Removed Member From Class: ClassName=U_mcu Member=R6
Removed Member From Class: ClassName=U_mcu Member=R7
Removed Member From Class: ClassName=U_mcu Member=R8
Removed Member From Class: ClassName=U_mcu Member=R9
Removed Member From Class: ClassName=U_mcu Member=R10
Removed Member From Class: ClassName=U_mcu Member=R11
Change Component Footprint: Designator=U1 Old Footprint=USR-LTE-7S4 New Footprint=Core-N720-Base
Change Component Comment : Designator=U1 Old Comment=USR-LTE-7S4 V2 New Comment=Core-N720-Base
Added Component: Designator=P19(XH2.54-7P-Ö±½Ç)
Added Pin To Net: NetName=USART1_TX Pin=P14-1
Added Pin To Net: NetName=USART1_RX Pin=P14-2
Added Pin To Net: NetName=UART5_TX Pin=P17-1
Added Pin To Net: NetName=UART5_RX Pin=P17-2
Added Pin To Net: NetName=12V Pin=P19-1
Added Pin To Net: NetName=GND Pin=P19-2
Added Pin To Net: NetName=LTE_RX Pin=P19-3
Added Pin To Net: NetName=LTE_TX Pin=P19-4
Added Pin To Net: NetName=LTE_RST Pin=P19-7
Change Class Name : Old Net Name=subDACOut New Net Name=AOUT1
Added Member To Class: ClassName=U_mcu Member=Component P19 XH2.54-7P
