Removed Pin From Net: NetName=GND Pin=C3-1
Removed Pin From Net: NetName=3V3 Pin=C3-2
Removed Pin From Net: NetName=BLE_LINK Pin=LED6-1
Removed Pin From Net: NetName=BLE_RST Pin=R16-1
Removed Pin From Net: NetName=3V3 Pin=R16-2
Removed Pin From Net: NetName=BLE_2FCT Pin=R21-1
Removed Pin From Net: NetName=3V3 Pin=R21-2
Removed Pin From Net: NetName=3V3 Pin=R22-2
Removed Pin From Net: NetName=GND Pin=U3-1
Removed Pin From Net: NetName=BLE_RST Pin=U3-4
Removed Pin From Net: NetName=GND Pin=U3-11
Removed Pin From Net: NetName=GND Pin=U3-12
Removed Pin From Net: NetName=3V3 Pin=U3-13
Removed Pin From Net: NetName=3V3 Pin=U3-14
Removed Pin From Net: NetName=GND Pin=U3-17
Removed Pin From Net: NetName=BLE_TX Pin=U3-19
Removed Pin From Net: NetName=BLE_RX Pin=U3-20
Removed Pin From Net: NetName=BLE_2FCT Pin=U3-21
Removed Pin From Net: NetName=BLE_LINK Pin=U3-23
Removed Pin From Net: NetName=GND Pin=U3-28
Removed Pin From Net: NetName=GND Pin=U3-29
Removed Pin From Net: NetName=BLE_WAKE Pin=U3-38
Removed Pin From Net: NetName=GND Pin=U3-44
Removed Member From Class: ClassName=U_mcu Member=C3
Removed Member From Class: ClassName=U_mcu Member=LED6
Removed Member From Class: ClassName=U_mcu Member=R21
Removed Member From Class: ClassName=U_mcu Member=R22
Change Component Footprint: Designator=U3 Old Footprint=WH-BLE102-V1.1 New Footprint=HDR1X6
Change Component Comment : Designator=U3 Old Comment=WH-BLE102-V1.1 New Comment=HC05
Change component parameters: Designator = "U3" ("U3"); Footprint = "WH-BLE102-V1.1"; UniqueID = "\OXPSUVVG\ZPEPGTPJ" ("\OXPSUVVG\ZPEPGTPJ")
Change component parameters (AddParameter): Name = "LatestRevisionDate"; Value = "17-Jul-2002"; VariantName = "[No Variations]"
Change component parameters (AddParameter): Name = "LatestRevisionNote"; Value = "Re-released for DXP Platform."; VariantName = "[No Variations]"
Change component parameters (AddParameter): Name = "Publisher"; Value = "Altium Limited"; VariantName = "[No Variations]"
Added Pin To Net: NetName=BLE_LINK Pin=U3-1
Added Pin To Net: NetName=BLE_TX Pin=U3-2
Added Pin To Net: NetName=BLE_RX Pin=U3-3
Added Pin To Net: NetName=GND Pin=U3-4
Added Pin To Net: NetName=3V3 Pin=U3-5
Added Pin To Net: NetName=BLE_WAKE Pin=U3-6
